2024-11-09 22:57:27,669:WARNING:
'cuml' is a soft dependency and not included in the pycaret installation. Please run: `pip install cuml` to install.
2024-11-09 22:57:27,669:WARNING:
'cuml' is a soft dependency and not included in the pycaret installation. Please run: `pip install cuml` to install.
2024-11-09 22:57:27,669:WARNING:
'cuml' is a soft dependency and not included in the pycaret installation. Please run: `pip install cuml` to install.
2024-11-09 22:57:27,669:WARNING:
'cuml' is a soft dependency and not included in the pycaret installation. Please run: `pip install cuml` to install.
2024-11-09 22:57:28,055:INFO:PyCaret ClassificationExperiment
2024-11-09 22:57:28,055:INFO:Logging name: clf-default-name
2024-11-09 22:57:28,055:INFO:ML Usecase: MLUsecase.CLASSIFICATION
2024-11-09 22:57:28,055:INFO:version 3.3.2
2024-11-09 22:57:28,055:INFO:Initializing setup()
2024-11-09 22:57:28,055:INFO:self.USI: a1be
2024-11-09 22:57:28,065:INFO:self._variable_keys: {'n_jobs_param', 'y_test', 'gpu_n_jobs_param', 'data', 'gpu_param', 'USI', 'X_test', 'log_plots_param', 'y_train', 'exp_name_log', 'X_train', 'idx', 'is_multiclass', 'pipeline', 'y', 'seed', 'memory', 'exp_id', 'logging_param', 'fold_generator', 'html_param', 'X', '_ml_usecase', 'fix_imbalance', 'fold_shuffle_param', 'target_param', '_available_plots', 'fold_groups_param'}
2024-11-09 22:57:28,065:INFO:Checking environment
2024-11-09 22:57:28,065:INFO:python_version: 3.10.7
2024-11-09 22:57:28,065:INFO:python_build: ('tags/v3.10.7:6cc6b13', 'Sep  5 2022 14:08:36')
2024-11-09 22:57:28,065:INFO:machine: AMD64
2024-11-09 22:57:28,065:INFO:platform: Windows-10-10.0.22631-SP0
2024-11-09 22:57:28,065:INFO:Memory: svmem(total=33979961344, available=15996186624, percent=52.9, used=17983774720, free=15996186624)
2024-11-09 22:57:28,065:INFO:Physical Core: 8
2024-11-09 22:57:28,065:INFO:Logical Core: 16
2024-11-09 22:57:28,065:INFO:Checking libraries
2024-11-09 22:57:28,065:INFO:System:
2024-11-09 22:57:28,065:INFO:    python: 3.10.7 (tags/v3.10.7:6cc6b13, Sep  5 2022, 14:08:36) [MSC v.1933 64 bit (AMD64)]
2024-11-09 22:57:28,065:INFO:executable: c:\Users\flaib\AppData\Local\Programs\Python\Python310\python.exe
2024-11-09 22:57:28,065:INFO:   machine: Windows-10-10.0.22631-SP0
2024-11-09 22:57:28,065:INFO:PyCaret required dependencies:
2024-11-09 22:57:28,105:INFO:                 pip: 24.3.1
2024-11-09 22:57:28,105:INFO:          setuptools: 63.2.0
2024-11-09 22:57:28,105:INFO:             pycaret: 3.3.2
2024-11-09 22:57:28,105:INFO:             IPython: 8.5.0
2024-11-09 22:57:28,105:INFO:          ipywidgets: 8.0.2
2024-11-09 22:57:28,105:INFO:                tqdm: 4.64.1
2024-11-09 22:57:28,105:INFO:               numpy: 1.24.4
2024-11-09 22:57:28,105:INFO:              pandas: 2.1.4
2024-11-09 22:57:28,105:INFO:              jinja2: 3.1.2
2024-11-09 22:57:28,105:INFO:               scipy: 1.9.1
2024-11-09 22:57:28,105:INFO:              joblib: 1.3.2
2024-11-09 22:57:28,105:INFO:             sklearn: 1.4.2
2024-11-09 22:57:28,105:INFO:                pyod: 2.0.2
2024-11-09 22:57:28,105:INFO:            imblearn: 0.12.4
2024-11-09 22:57:28,105:INFO:   category_encoders: 2.6.4
2024-11-09 22:57:28,105:INFO:            lightgbm: 4.5.0
2024-11-09 22:57:28,105:INFO:               numba: 0.60.0
2024-11-09 22:57:28,105:INFO:            requests: 2.28.1
2024-11-09 22:57:28,105:INFO:          matplotlib: 3.7.1
2024-11-09 22:57:28,105:INFO:          scikitplot: 0.3.7
2024-11-09 22:57:28,105:INFO:         yellowbrick: 1.5
2024-11-09 22:57:28,105:INFO:              plotly: 5.24.1
2024-11-09 22:57:28,105:INFO:    plotly-resampler: Not installed
2024-11-09 22:57:28,105:INFO:             kaleido: 0.2.1
2024-11-09 22:57:28,105:INFO:           schemdraw: 0.15
2024-11-09 22:57:28,105:INFO:         statsmodels: 0.14.4
2024-11-09 22:57:28,105:INFO:              sktime: 0.26.0
2024-11-09 22:57:28,105:INFO:               tbats: 1.1.3
2024-11-09 22:57:28,105:INFO:            pmdarima: 2.0.4
2024-11-09 22:57:28,105:INFO:              psutil: 5.9.2
2024-11-09 22:57:28,105:INFO:          markupsafe: 2.1.1
2024-11-09 22:57:28,105:INFO:             pickle5: Not installed
2024-11-09 22:57:28,105:INFO:         cloudpickle: 3.1.0
2024-11-09 22:57:28,105:INFO:         deprecation: 2.1.0
2024-11-09 22:57:28,105:INFO:              xxhash: 3.5.0
2024-11-09 22:57:28,105:INFO:           wurlitzer: Not installed
2024-11-09 22:57:28,105:INFO:PyCaret optional dependencies:
2024-11-09 22:57:28,121:INFO:                shap: 0.46.0
2024-11-09 22:57:28,121:INFO:           interpret: Not installed
2024-11-09 22:57:28,121:INFO:                umap: Not installed
2024-11-09 22:57:28,121:INFO:     ydata_profiling: Not installed
2024-11-09 22:57:28,121:INFO:  explainerdashboard: Not installed
2024-11-09 22:57:28,121:INFO:             autoviz: Not installed
2024-11-09 22:57:28,121:INFO:           fairlearn: Not installed
2024-11-09 22:57:28,121:INFO:          deepchecks: Not installed
2024-11-09 22:57:28,121:INFO:             xgboost: Not installed
2024-11-09 22:57:28,121:INFO:            catboost: Not installed
2024-11-09 22:57:28,121:INFO:              kmodes: Not installed
2024-11-09 22:57:28,121:INFO:             mlxtend: Not installed
2024-11-09 22:57:28,121:INFO:       statsforecast: Not installed
2024-11-09 22:57:28,121:INFO:        tune_sklearn: Not installed
2024-11-09 22:57:28,121:INFO:                 ray: Not installed
2024-11-09 22:57:28,121:INFO:            hyperopt: Not installed
2024-11-09 22:57:28,121:INFO:              optuna: 4.0.0
2024-11-09 22:57:28,121:INFO:               skopt: Not installed
2024-11-09 22:57:28,121:INFO:              mlflow: Not installed
2024-11-09 22:57:28,121:INFO:              gradio: Not installed
2024-11-09 22:57:28,121:INFO:             fastapi: Not installed
2024-11-09 22:57:28,121:INFO:             uvicorn: Not installed
2024-11-09 22:57:28,121:INFO:              m2cgen: Not installed
2024-11-09 22:57:28,121:INFO:           evidently: Not installed
2024-11-09 22:57:28,121:INFO:               fugue: Not installed
2024-11-09 22:57:28,121:INFO:           streamlit: Not installed
2024-11-09 22:57:28,121:INFO:             prophet: Not installed
2024-11-09 22:57:28,121:INFO:None
2024-11-09 22:57:28,121:INFO:Set up data.
2024-11-09 22:57:28,136:INFO:Set up folding strategy.
2024-11-09 22:57:28,136:INFO:Set up train/test split.
2024-11-09 22:57:28,136:INFO:Set up data.
2024-11-09 22:57:28,136:INFO:Set up index.
2024-11-09 22:57:28,152:INFO:Assigning column types.
2024-11-09 22:57:28,152:INFO:Engine successfully changes for model 'lr' to 'sklearn'.
2024-11-09 22:57:28,184:INFO:Engine for model 'knn' has not been set explicitly, hence returning None.
2024-11-09 22:57:28,184:INFO:Engine for model 'rbfsvm' has not been set explicitly, hence returning None.
2024-11-09 22:57:28,199:WARNING:
'xgboost' is a soft dependency and not included in the pycaret installation. Please run: `pip install xgboost` to install.
Alternately, you can install this by running `pip install pycaret[models]`
2024-11-09 22:57:28,215:WARNING:
'catboost' is a soft dependency and not included in the pycaret installation. Please run: `pip install catboost` to install.
Alternately, you can install this by running `pip install pycaret[models]`
2024-11-09 22:57:28,230:INFO:Engine for model 'knn' has not been set explicitly, hence returning None.
2024-11-09 22:57:28,246:INFO:Engine for model 'rbfsvm' has not been set explicitly, hence returning None.
2024-11-09 22:57:28,262:WARNING:
'xgboost' is a soft dependency and not included in the pycaret installation. Please run: `pip install xgboost` to install.
Alternately, you can install this by running `pip install pycaret[models]`
2024-11-09 22:57:28,262:WARNING:
'catboost' is a soft dependency and not included in the pycaret installation. Please run: `pip install catboost` to install.
Alternately, you can install this by running `pip install pycaret[models]`
2024-11-09 22:57:28,262:INFO:Engine successfully changes for model 'knn' to 'sklearn'.
2024-11-09 22:57:28,294:INFO:Engine for model 'rbfsvm' has not been set explicitly, hence returning None.
2024-11-09 22:57:28,309:WARNING:
'xgboost' is a soft dependency and not included in the pycaret installation. Please run: `pip install xgboost` to install.
Alternately, you can install this by running `pip install pycaret[models]`
2024-11-09 22:57:28,309:WARNING:
'catboost' is a soft dependency and not included in the pycaret installation. Please run: `pip install catboost` to install.
Alternately, you can install this by running `pip install pycaret[models]`
2024-11-09 22:57:28,340:INFO:Engine for model 'rbfsvm' has not been set explicitly, hence returning None.
2024-11-09 22:57:28,356:WARNING:
'xgboost' is a soft dependency and not included in the pycaret installation. Please run: `pip install xgboost` to install.
Alternately, you can install this by running `pip install pycaret[models]`
2024-11-09 22:57:28,356:WARNING:
'catboost' is a soft dependency and not included in the pycaret installation. Please run: `pip install catboost` to install.
Alternately, you can install this by running `pip install pycaret[models]`
2024-11-09 22:57:28,356:INFO:Engine successfully changes for model 'rbfsvm' to 'sklearn'.
2024-11-09 22:57:28,403:WARNING:
'xgboost' is a soft dependency and not included in the pycaret installation. Please run: `pip install xgboost` to install.
Alternately, you can install this by running `pip install pycaret[models]`
2024-11-09 22:57:28,403:WARNING:
'catboost' is a soft dependency and not included in the pycaret installation. Please run: `pip install catboost` to install.
Alternately, you can install this by running `pip install pycaret[models]`
2024-11-09 22:57:28,450:WARNING:
'xgboost' is a soft dependency and not included in the pycaret installation. Please run: `pip install xgboost` to install.
Alternately, you can install this by running `pip install pycaret[models]`
2024-11-09 22:57:28,450:WARNING:
'catboost' is a soft dependency and not included in the pycaret installation. Please run: `pip install catboost` to install.
Alternately, you can install this by running `pip install pycaret[models]`
2024-11-09 22:57:28,467:INFO:Preparing preprocessing pipeline...
2024-11-09 22:57:28,469:INFO:Set up simple imputation.
2024-11-09 22:57:28,469:INFO:Set up imbalanced handling.
2024-11-09 22:57:28,487:INFO:Finished creating preprocessing pipeline.
2024-11-09 22:57:28,502:INFO:Pipeline: Pipeline(memory=FastMemory(location=C:\Users\flaib\AppData\Local\Temp\joblib),
         steps=[('numerical_imputer',
                 TransformerWrapper(exclude=None,
                                    include=['MinTemp', 'MaxTemp', 'Rainfall',
                                             'Evaporation', 'Sunshine',
                                             'WindGustSpeed', 'WindSpeed9am',
                                             'WindSpeed3pm', 'Humidity9am',
                                             'Humidity3pm', 'Pressure9am',
                                             'Pressure3pm', 'Cloud9am',
                                             'Cloud3pm', 'Temp9am', 'Temp3pm',
                                             'La...
                 TransformerWrapper(exclude=None, include=[],
                                    transformer=SimpleImputer(add_indicator=False,
                                                              copy=True,
                                                              fill_value=None,
                                                              keep_empty_features=False,
                                                              missing_values=nan,
                                                              strategy='most_frequent'))),
                ('balance',
                 TransformerWrapper(exclude=None, include=None,
                                    transformer=FixImbalancer(estimator=SMOTE(k_neighbors=5,
                                                                              n_jobs=None,
                                                                              random_state=123,
                                                                              sampling_strategy='auto'))))],
         verbose=False)
2024-11-09 22:57:28,502:INFO:Creating final display dataframe.
2024-11-09 22:57:28,967:INFO:Setup _display_container:                     Description             Value
0                    Session id               123
1                        Target  RainTomorrow_Yes
2                   Target type            Binary
3           Original data shape       (27900, 40)
4        Transformed data shape       (40131, 40)
5   Transformed train set shape       (34484, 40)
6    Transformed test set shape        (5647, 40)
7              Numeric features                39
8                    Preprocess              True
9               Imputation type            simple
10           Numeric imputation              mean
11       Categorical imputation              mode
12                Fix imbalance              True
13         Fix imbalance method             SMOTE
14               Fold Generator   StratifiedKFold
15                  Fold Number                10
16                     CPU Jobs                -1
17                      Use GPU             False
18               Log Experiment             False
19              Experiment Name  clf-default-name
20                          USI              a1be
2024-11-09 22:57:29,022:WARNING:
'xgboost' is a soft dependency and not included in the pycaret installation. Please run: `pip install xgboost` to install.
Alternately, you can install this by running `pip install pycaret[models]`
2024-11-09 22:57:29,022:WARNING:
'catboost' is a soft dependency and not included in the pycaret installation. Please run: `pip install catboost` to install.
Alternately, you can install this by running `pip install pycaret[models]`
2024-11-09 22:57:29,069:WARNING:
'xgboost' is a soft dependency and not included in the pycaret installation. Please run: `pip install xgboost` to install.
Alternately, you can install this by running `pip install pycaret[models]`
2024-11-09 22:57:29,069:WARNING:
'catboost' is a soft dependency and not included in the pycaret installation. Please run: `pip install catboost` to install.
Alternately, you can install this by running `pip install pycaret[models]`
2024-11-09 22:57:29,069:INFO:setup() successfully completed in 1.01s...............
2024-11-09 22:57:29,100:INFO:Initializing compare_models()
2024-11-09 22:57:29,100:INFO:compare_models(self=<pycaret.classification.oop.ClassificationExperiment object at 0x00000258144B79A0>, include=None, fold=None, round=4, cross_validation=True, sort=Accuracy, n_select=1, budget_time=None, turbo=True, errors=ignore, fit_kwargs=None, groups=None, experiment_custom_tags=None, probability_threshold=None, verbose=True, parallel=None, caller_params={'self': <pycaret.classification.oop.ClassificationExperiment object at 0x00000258144B79A0>, 'include': None, 'exclude': None, 'fold': None, 'round': 4, 'cross_validation': True, 'sort': 'Accuracy', 'n_select': 1, 'budget_time': None, 'turbo': True, 'errors': 'ignore', 'fit_kwargs': None, 'groups': None, 'experiment_custom_tags': None, 'probability_threshold': None, 'engine': None, 'verbose': True, 'parallel': None, '__class__': <class 'pycaret.classification.oop.ClassificationExperiment'>}, exclude=None)
2024-11-09 22:57:29,100:INFO:Checking exceptions
2024-11-09 22:57:29,100:INFO:Preparing display monitor
2024-11-09 22:57:29,132:INFO:Initializing Logistic Regression
2024-11-09 22:57:29,132:INFO:Total runtime is 0.0 minutes
2024-11-09 22:57:29,139:INFO:SubProcess create_model() called ==================================
2024-11-09 22:57:29,139:INFO:Initializing create_model()
2024-11-09 22:57:29,139:INFO:create_model(self=<pycaret.classification.oop.ClassificationExperiment object at 0x00000258144B79A0>, estimator=lr, fold=StratifiedKFold(n_splits=10, random_state=None, shuffle=False), round=4, cross_validation=True, predict=True, fit_kwargs={}, groups=None, refit=False, probability_threshold=None, experiment_custom_tags=None, verbose=False, system=False, add_to_model_list=True, metrics=None, display=<pycaret.internal.display.display.CommonDisplay object at 0x000002581B6CD990>, model_only=True, return_train_score=False, error_score=0.0, kwargs={})
2024-11-09 22:57:29,139:INFO:Checking exceptions
2024-11-09 22:57:29,139:INFO:Importing libraries
2024-11-09 22:57:29,139:INFO:Copying training dataset
2024-11-09 22:57:29,151:INFO:Defining folds
2024-11-09 22:57:29,151:INFO:Declaring metric variables
2024-11-09 22:57:29,151:INFO:Importing untrained model
2024-11-09 22:57:29,151:INFO:Logistic Regression Imported successfully
2024-11-09 22:57:29,151:INFO:Starting cross validation
2024-11-09 22:57:29,151:INFO:Cross validating with StratifiedKFold(n_splits=10, random_state=None, shuffle=False), n_jobs=-1
2024-11-09 22:57:31,520:INFO:Calculating mean and std
2024-11-09 22:57:31,520:INFO:Creating metrics dataframe
2024-11-09 22:57:31,520:INFO:Uploading results into container
2024-11-09 22:57:31,520:INFO:Uploading model into container now
2024-11-09 22:57:31,520:INFO:_master_model_container: 1
2024-11-09 22:57:31,520:INFO:_display_container: 2
2024-11-09 22:57:31,520:INFO:LogisticRegression(C=1.0, class_weight=None, dual=False, fit_intercept=True,
                   intercept_scaling=1, l1_ratio=None, max_iter=1000,
                   multi_class='auto', n_jobs=None, penalty='l2',
                   random_state=123, solver='lbfgs', tol=0.0001, verbose=0,
                   warm_start=False)
2024-11-09 22:57:31,520:INFO:create_model() successfully completed......................................
2024-11-09 22:57:31,614:INFO:SubProcess create_model() end ==================================
2024-11-09 22:57:31,614:INFO:Creating metrics dataframe
2024-11-09 22:57:31,614:INFO:Initializing K Neighbors Classifier
2024-11-09 22:57:31,614:INFO:Total runtime is 0.04136694272359212 minutes
2024-11-09 22:57:31,614:INFO:SubProcess create_model() called ==================================
2024-11-09 22:57:31,614:INFO:Initializing create_model()
2024-11-09 22:57:31,614:INFO:create_model(self=<pycaret.classification.oop.ClassificationExperiment object at 0x00000258144B79A0>, estimator=knn, fold=StratifiedKFold(n_splits=10, random_state=None, shuffle=False), round=4, cross_validation=True, predict=True, fit_kwargs={}, groups=None, refit=False, probability_threshold=None, experiment_custom_tags=None, verbose=False, system=False, add_to_model_list=True, metrics=None, display=<pycaret.internal.display.display.CommonDisplay object at 0x000002581B6CD990>, model_only=True, return_train_score=False, error_score=0.0, kwargs={})
2024-11-09 22:57:31,614:INFO:Checking exceptions
2024-11-09 22:57:31,614:INFO:Importing libraries
2024-11-09 22:57:31,614:INFO:Copying training dataset
2024-11-09 22:57:31,630:INFO:Defining folds
2024-11-09 22:57:31,630:INFO:Declaring metric variables
2024-11-09 22:57:31,630:INFO:Importing untrained model
2024-11-09 22:57:31,630:INFO:K Neighbors Classifier Imported successfully
2024-11-09 22:57:31,645:INFO:Starting cross validation
2024-11-09 22:57:31,645:INFO:Cross validating with StratifiedKFold(n_splits=10, random_state=None, shuffle=False), n_jobs=-1
2024-11-09 22:57:35,193:INFO:Calculating mean and std
2024-11-09 22:57:35,193:INFO:Creating metrics dataframe
2024-11-09 22:57:35,193:INFO:Uploading results into container
2024-11-09 22:57:35,193:INFO:Uploading model into container now
2024-11-09 22:57:35,193:INFO:_master_model_container: 2
2024-11-09 22:57:35,193:INFO:_display_container: 2
2024-11-09 22:57:35,193:INFO:KNeighborsClassifier(algorithm='auto', leaf_size=30, metric='minkowski',
                     metric_params=None, n_jobs=-1, n_neighbors=5, p=2,
                     weights='uniform')
2024-11-09 22:57:35,193:INFO:create_model() successfully completed......................................
2024-11-09 22:57:35,302:INFO:SubProcess create_model() end ==================================
2024-11-09 22:57:35,302:INFO:Creating metrics dataframe
2024-11-09 22:57:35,318:INFO:Initializing Naive Bayes
2024-11-09 22:57:35,318:INFO:Total runtime is 0.10309989849726359 minutes
2024-11-09 22:57:35,318:INFO:SubProcess create_model() called ==================================
2024-11-09 22:57:35,318:INFO:Initializing create_model()
2024-11-09 22:57:35,318:INFO:create_model(self=<pycaret.classification.oop.ClassificationExperiment object at 0x00000258144B79A0>, estimator=nb, fold=StratifiedKFold(n_splits=10, random_state=None, shuffle=False), round=4, cross_validation=True, predict=True, fit_kwargs={}, groups=None, refit=False, probability_threshold=None, experiment_custom_tags=None, verbose=False, system=False, add_to_model_list=True, metrics=None, display=<pycaret.internal.display.display.CommonDisplay object at 0x000002581B6CD990>, model_only=True, return_train_score=False, error_score=0.0, kwargs={})
2024-11-09 22:57:35,318:INFO:Checking exceptions
2024-11-09 22:57:35,318:INFO:Importing libraries
2024-11-09 22:57:35,318:INFO:Copying training dataset
2024-11-09 22:57:35,334:INFO:Defining folds
2024-11-09 22:57:35,334:INFO:Declaring metric variables
2024-11-09 22:57:35,334:INFO:Importing untrained model
2024-11-09 22:57:35,334:INFO:Naive Bayes Imported successfully
2024-11-09 22:57:35,334:INFO:Starting cross validation
2024-11-09 22:57:35,334:INFO:Cross validating with StratifiedKFold(n_splits=10, random_state=None, shuffle=False), n_jobs=-1
2024-11-09 22:57:35,962:INFO:Calculating mean and std
2024-11-09 22:57:35,962:INFO:Creating metrics dataframe
2024-11-09 22:57:35,962:INFO:Uploading results into container
2024-11-09 22:57:35,962:INFO:Uploading model into container now
2024-11-09 22:57:35,962:INFO:_master_model_container: 3
2024-11-09 22:57:35,962:INFO:_display_container: 2
2024-11-09 22:57:35,962:INFO:GaussianNB(priors=None, var_smoothing=1e-09)
2024-11-09 22:57:35,962:INFO:create_model() successfully completed......................................
2024-11-09 22:57:36,087:INFO:SubProcess create_model() end ==================================
2024-11-09 22:57:36,087:INFO:Creating metrics dataframe
2024-11-09 22:57:36,087:INFO:Initializing Decision Tree Classifier
2024-11-09 22:57:36,087:INFO:Total runtime is 0.11591644684473673 minutes
2024-11-09 22:57:36,103:INFO:SubProcess create_model() called ==================================
2024-11-09 22:57:36,103:INFO:Initializing create_model()
2024-11-09 22:57:36,103:INFO:create_model(self=<pycaret.classification.oop.ClassificationExperiment object at 0x00000258144B79A0>, estimator=dt, fold=StratifiedKFold(n_splits=10, random_state=None, shuffle=False), round=4, cross_validation=True, predict=True, fit_kwargs={}, groups=None, refit=False, probability_threshold=None, experiment_custom_tags=None, verbose=False, system=False, add_to_model_list=True, metrics=None, display=<pycaret.internal.display.display.CommonDisplay object at 0x000002581B6CD990>, model_only=True, return_train_score=False, error_score=0.0, kwargs={})
2024-11-09 22:57:36,103:INFO:Checking exceptions
2024-11-09 22:57:36,103:INFO:Importing libraries
2024-11-09 22:57:36,103:INFO:Copying training dataset
2024-11-09 22:57:36,118:INFO:Defining folds
2024-11-09 22:57:36,118:INFO:Declaring metric variables
2024-11-09 22:57:36,118:INFO:Importing untrained model
2024-11-09 22:57:36,118:INFO:Decision Tree Classifier Imported successfully
2024-11-09 22:57:36,118:INFO:Starting cross validation
2024-11-09 22:57:36,118:INFO:Cross validating with StratifiedKFold(n_splits=10, random_state=None, shuffle=False), n_jobs=-1
2024-11-09 22:57:37,452:INFO:Calculating mean and std
2024-11-09 22:57:37,452:INFO:Creating metrics dataframe
2024-11-09 22:57:37,452:INFO:Uploading results into container
2024-11-09 22:57:37,452:INFO:Uploading model into container now
2024-11-09 22:57:37,452:INFO:_master_model_container: 4
2024-11-09 22:57:37,452:INFO:_display_container: 2
2024-11-09 22:57:37,452:INFO:DecisionTreeClassifier(ccp_alpha=0.0, class_weight=None, criterion='gini',
                       max_depth=None, max_features=None, max_leaf_nodes=None,
                       min_impurity_decrease=0.0, min_samples_leaf=1,
                       min_samples_split=2, min_weight_fraction_leaf=0.0,
                       monotonic_cst=None, random_state=123, splitter='best')
2024-11-09 22:57:37,452:INFO:create_model() successfully completed......................................
2024-11-09 22:57:37,561:INFO:SubProcess create_model() end ==================================
2024-11-09 22:57:37,561:INFO:Creating metrics dataframe
2024-11-09 22:57:37,561:INFO:Initializing SVM - Linear Kernel
2024-11-09 22:57:37,561:INFO:Total runtime is 0.14049083789189656 minutes
2024-11-09 22:57:37,561:INFO:SubProcess create_model() called ==================================
2024-11-09 22:57:37,561:INFO:Initializing create_model()
2024-11-09 22:57:37,561:INFO:create_model(self=<pycaret.classification.oop.ClassificationExperiment object at 0x00000258144B79A0>, estimator=svm, fold=StratifiedKFold(n_splits=10, random_state=None, shuffle=False), round=4, cross_validation=True, predict=True, fit_kwargs={}, groups=None, refit=False, probability_threshold=None, experiment_custom_tags=None, verbose=False, system=False, add_to_model_list=True, metrics=None, display=<pycaret.internal.display.display.CommonDisplay object at 0x000002581B6CD990>, model_only=True, return_train_score=False, error_score=0.0, kwargs={})
2024-11-09 22:57:37,561:INFO:Checking exceptions
2024-11-09 22:57:37,561:INFO:Importing libraries
2024-11-09 22:57:37,561:INFO:Copying training dataset
2024-11-09 22:57:37,580:INFO:Defining folds
2024-11-09 22:57:37,580:INFO:Declaring metric variables
2024-11-09 22:57:37,580:INFO:Importing untrained model
2024-11-09 22:57:37,580:INFO:SVM - Linear Kernel Imported successfully
2024-11-09 22:57:37,593:INFO:Starting cross validation
2024-11-09 22:57:37,593:INFO:Cross validating with StratifiedKFold(n_splits=10, random_state=None, shuffle=False), n_jobs=-1
2024-11-09 22:57:38,457:INFO:Calculating mean and std
2024-11-09 22:57:38,457:INFO:Creating metrics dataframe
2024-11-09 22:57:38,457:INFO:Uploading results into container
2024-11-09 22:57:38,457:INFO:Uploading model into container now
2024-11-09 22:57:38,457:INFO:_master_model_container: 5
2024-11-09 22:57:38,457:INFO:_display_container: 2
2024-11-09 22:57:38,457:INFO:SGDClassifier(alpha=0.0001, average=False, class_weight=None,
              early_stopping=False, epsilon=0.1, eta0=0.001, fit_intercept=True,
              l1_ratio=0.15, learning_rate='optimal', loss='hinge',
              max_iter=1000, n_iter_no_change=5, n_jobs=-1, penalty='l2',
              power_t=0.5, random_state=123, shuffle=True, tol=0.001,
              validation_fraction=0.1, verbose=0, warm_start=False)
2024-11-09 22:57:38,457:INFO:create_model() successfully completed......................................
2024-11-09 22:57:38,551:INFO:SubProcess create_model() end ==================================
2024-11-09 22:57:38,551:INFO:Creating metrics dataframe
2024-11-09 22:57:38,551:INFO:Initializing Ridge Classifier
2024-11-09 22:57:38,551:INFO:Total runtime is 0.15698430935541788 minutes
2024-11-09 22:57:38,551:INFO:SubProcess create_model() called ==================================
2024-11-09 22:57:38,551:INFO:Initializing create_model()
2024-11-09 22:57:38,551:INFO:create_model(self=<pycaret.classification.oop.ClassificationExperiment object at 0x00000258144B79A0>, estimator=ridge, fold=StratifiedKFold(n_splits=10, random_state=None, shuffle=False), round=4, cross_validation=True, predict=True, fit_kwargs={}, groups=None, refit=False, probability_threshold=None, experiment_custom_tags=None, verbose=False, system=False, add_to_model_list=True, metrics=None, display=<pycaret.internal.display.display.CommonDisplay object at 0x000002581B6CD990>, model_only=True, return_train_score=False, error_score=0.0, kwargs={})
2024-11-09 22:57:38,551:INFO:Checking exceptions
2024-11-09 22:57:38,551:INFO:Importing libraries
2024-11-09 22:57:38,551:INFO:Copying training dataset
2024-11-09 22:57:38,567:INFO:Defining folds
2024-11-09 22:57:38,567:INFO:Declaring metric variables
2024-11-09 22:57:38,567:INFO:Importing untrained model
2024-11-09 22:57:38,582:INFO:Ridge Classifier Imported successfully
2024-11-09 22:57:38,582:INFO:Starting cross validation
2024-11-09 22:57:38,582:INFO:Cross validating with StratifiedKFold(n_splits=10, random_state=None, shuffle=False), n_jobs=-1
2024-11-09 22:57:39,179:INFO:Calculating mean and std
2024-11-09 22:57:39,184:INFO:Creating metrics dataframe
2024-11-09 22:57:39,184:INFO:Uploading results into container
2024-11-09 22:57:39,184:INFO:Uploading model into container now
2024-11-09 22:57:39,184:INFO:_master_model_container: 6
2024-11-09 22:57:39,184:INFO:_display_container: 2
2024-11-09 22:57:39,184:INFO:RidgeClassifier(alpha=1.0, class_weight=None, copy_X=True, fit_intercept=True,
                max_iter=None, positive=False, random_state=123, solver='auto',
                tol=0.0001)
2024-11-09 22:57:39,184:INFO:create_model() successfully completed......................................
2024-11-09 22:57:39,284:INFO:SubProcess create_model() end ==================================
2024-11-09 22:57:39,284:INFO:Creating metrics dataframe
2024-11-09 22:57:39,289:INFO:Initializing Random Forest Classifier
2024-11-09 22:57:39,289:INFO:Total runtime is 0.16928897698720297 minutes
2024-11-09 22:57:39,305:INFO:SubProcess create_model() called ==================================
2024-11-09 22:57:39,305:INFO:Initializing create_model()
2024-11-09 22:57:39,305:INFO:create_model(self=<pycaret.classification.oop.ClassificationExperiment object at 0x00000258144B79A0>, estimator=rf, fold=StratifiedKFold(n_splits=10, random_state=None, shuffle=False), round=4, cross_validation=True, predict=True, fit_kwargs={}, groups=None, refit=False, probability_threshold=None, experiment_custom_tags=None, verbose=False, system=False, add_to_model_list=True, metrics=None, display=<pycaret.internal.display.display.CommonDisplay object at 0x000002581B6CD990>, model_only=True, return_train_score=False, error_score=0.0, kwargs={})
2024-11-09 22:57:39,305:INFO:Checking exceptions
2024-11-09 22:57:39,305:INFO:Importing libraries
2024-11-09 22:57:39,305:INFO:Copying training dataset
2024-11-09 22:57:39,321:INFO:Defining folds
2024-11-09 22:57:39,321:INFO:Declaring metric variables
2024-11-09 22:57:39,336:INFO:Importing untrained model
2024-11-09 22:57:39,336:INFO:Random Forest Classifier Imported successfully
2024-11-09 22:57:39,336:INFO:Starting cross validation
2024-11-09 22:57:39,336:INFO:Cross validating with StratifiedKFold(n_splits=10, random_state=None, shuffle=False), n_jobs=-1
2024-11-09 22:57:46,054:INFO:Calculating mean and std
2024-11-09 22:57:46,054:INFO:Creating metrics dataframe
2024-11-09 22:57:46,054:INFO:Uploading results into container
2024-11-09 22:57:46,054:INFO:Uploading model into container now
2024-11-09 22:57:46,054:INFO:_master_model_container: 7
2024-11-09 22:57:46,054:INFO:_display_container: 2
2024-11-09 22:57:46,054:INFO:RandomForestClassifier(bootstrap=True, ccp_alpha=0.0, class_weight=None,
                       criterion='gini', max_depth=None, max_features='sqrt',
                       max_leaf_nodes=None, max_samples=None,
                       min_impurity_decrease=0.0, min_samples_leaf=1,
                       min_samples_split=2, min_weight_fraction_leaf=0.0,
                       monotonic_cst=None, n_estimators=100, n_jobs=-1,
                       oob_score=False, random_state=123, verbose=0,
                       warm_start=False)
2024-11-09 22:57:46,054:INFO:create_model() successfully completed......................................
2024-11-09 22:57:46,148:INFO:SubProcess create_model() end ==================================
2024-11-09 22:57:46,148:INFO:Creating metrics dataframe
2024-11-09 22:57:46,164:INFO:Initializing Quadratic Discriminant Analysis
2024-11-09 22:57:46,164:INFO:Total runtime is 0.2838639259338379 minutes
2024-11-09 22:57:46,164:INFO:SubProcess create_model() called ==================================
2024-11-09 22:57:46,164:INFO:Initializing create_model()
2024-11-09 22:57:46,164:INFO:create_model(self=<pycaret.classification.oop.ClassificationExperiment object at 0x00000258144B79A0>, estimator=qda, fold=StratifiedKFold(n_splits=10, random_state=None, shuffle=False), round=4, cross_validation=True, predict=True, fit_kwargs={}, groups=None, refit=False, probability_threshold=None, experiment_custom_tags=None, verbose=False, system=False, add_to_model_list=True, metrics=None, display=<pycaret.internal.display.display.CommonDisplay object at 0x000002581B6CD990>, model_only=True, return_train_score=False, error_score=0.0, kwargs={})
2024-11-09 22:57:46,164:INFO:Checking exceptions
2024-11-09 22:57:46,164:INFO:Importing libraries
2024-11-09 22:57:46,164:INFO:Copying training dataset
2024-11-09 22:57:46,195:INFO:Defining folds
2024-11-09 22:57:46,196:INFO:Declaring metric variables
2024-11-09 22:57:46,196:INFO:Importing untrained model
2024-11-09 22:57:46,196:INFO:Quadratic Discriminant Analysis Imported successfully
2024-11-09 22:57:46,196:INFO:Starting cross validation
2024-11-09 22:57:46,196:INFO:Cross validating with StratifiedKFold(n_splits=10, random_state=None, shuffle=False), n_jobs=-1
2024-11-09 22:57:46,902:INFO:Calculating mean and std
2024-11-09 22:57:46,902:INFO:Creating metrics dataframe
2024-11-09 22:57:46,902:INFO:Uploading results into container
2024-11-09 22:57:46,902:INFO:Uploading model into container now
2024-11-09 22:57:46,902:INFO:_master_model_container: 8
2024-11-09 22:57:46,902:INFO:_display_container: 2
2024-11-09 22:57:46,902:INFO:QuadraticDiscriminantAnalysis(priors=None, reg_param=0.0,
                              store_covariance=False, tol=0.0001)
2024-11-09 22:57:46,902:INFO:create_model() successfully completed......................................
2024-11-09 22:57:47,011:INFO:SubProcess create_model() end ==================================
2024-11-09 22:57:47,011:INFO:Creating metrics dataframe
2024-11-09 22:57:47,027:INFO:Initializing Ada Boost Classifier
2024-11-09 22:57:47,027:INFO:Total runtime is 0.29824664195378625 minutes
2024-11-09 22:57:47,027:INFO:SubProcess create_model() called ==================================
2024-11-09 22:57:47,027:INFO:Initializing create_model()
2024-11-09 22:57:47,027:INFO:create_model(self=<pycaret.classification.oop.ClassificationExperiment object at 0x00000258144B79A0>, estimator=ada, fold=StratifiedKFold(n_splits=10, random_state=None, shuffle=False), round=4, cross_validation=True, predict=True, fit_kwargs={}, groups=None, refit=False, probability_threshold=None, experiment_custom_tags=None, verbose=False, system=False, add_to_model_list=True, metrics=None, display=<pycaret.internal.display.display.CommonDisplay object at 0x000002581B6CD990>, model_only=True, return_train_score=False, error_score=0.0, kwargs={})
2024-11-09 22:57:47,027:INFO:Checking exceptions
2024-11-09 22:57:47,027:INFO:Importing libraries
2024-11-09 22:57:47,027:INFO:Copying training dataset
2024-11-09 22:57:47,042:INFO:Defining folds
2024-11-09 22:57:47,042:INFO:Declaring metric variables
2024-11-09 22:57:47,042:INFO:Importing untrained model
2024-11-09 22:57:47,042:INFO:Ada Boost Classifier Imported successfully
2024-11-09 22:57:47,042:INFO:Starting cross validation
2024-11-09 22:57:47,042:INFO:Cross validating with StratifiedKFold(n_splits=10, random_state=None, shuffle=False), n_jobs=-1
2024-11-09 22:57:47,372:WARNING:c:\Users\flaib\AppData\Local\Programs\Python\Python310\lib\site-packages\sklearn\ensemble\_weight_boosting.py:519: FutureWarning: The SAMME.R algorithm (the default) is deprecated and will be removed in 1.6. Use the SAMME algorithm to circumvent this warning.
  warnings.warn(

2024-11-09 22:57:47,396:WARNING:c:\Users\flaib\AppData\Local\Programs\Python\Python310\lib\site-packages\sklearn\ensemble\_weight_boosting.py:519: FutureWarning: The SAMME.R algorithm (the default) is deprecated and will be removed in 1.6. Use the SAMME algorithm to circumvent this warning.
  warnings.warn(

2024-11-09 22:57:47,419:WARNING:c:\Users\flaib\AppData\Local\Programs\Python\Python310\lib\site-packages\sklearn\ensemble\_weight_boosting.py:519: FutureWarning: The SAMME.R algorithm (the default) is deprecated and will be removed in 1.6. Use the SAMME algorithm to circumvent this warning.
  warnings.warn(

2024-11-09 22:57:47,419:WARNING:c:\Users\flaib\AppData\Local\Programs\Python\Python310\lib\site-packages\sklearn\ensemble\_weight_boosting.py:519: FutureWarning: The SAMME.R algorithm (the default) is deprecated and will be removed in 1.6. Use the SAMME algorithm to circumvent this warning.
  warnings.warn(

2024-11-09 22:57:47,419:WARNING:c:\Users\flaib\AppData\Local\Programs\Python\Python310\lib\site-packages\sklearn\ensemble\_weight_boosting.py:519: FutureWarning: The SAMME.R algorithm (the default) is deprecated and will be removed in 1.6. Use the SAMME algorithm to circumvent this warning.
  warnings.warn(

2024-11-09 22:57:47,435:WARNING:c:\Users\flaib\AppData\Local\Programs\Python\Python310\lib\site-packages\sklearn\ensemble\_weight_boosting.py:519: FutureWarning: The SAMME.R algorithm (the default) is deprecated and will be removed in 1.6. Use the SAMME algorithm to circumvent this warning.
  warnings.warn(

2024-11-09 22:57:47,435:WARNING:c:\Users\flaib\AppData\Local\Programs\Python\Python310\lib\site-packages\sklearn\ensemble\_weight_boosting.py:519: FutureWarning: The SAMME.R algorithm (the default) is deprecated and will be removed in 1.6. Use the SAMME algorithm to circumvent this warning.
  warnings.warn(

2024-11-09 22:57:47,450:WARNING:c:\Users\flaib\AppData\Local\Programs\Python\Python310\lib\site-packages\sklearn\ensemble\_weight_boosting.py:519: FutureWarning: The SAMME.R algorithm (the default) is deprecated and will be removed in 1.6. Use the SAMME algorithm to circumvent this warning.
  warnings.warn(

2024-11-09 22:57:47,450:WARNING:c:\Users\flaib\AppData\Local\Programs\Python\Python310\lib\site-packages\sklearn\ensemble\_weight_boosting.py:519: FutureWarning: The SAMME.R algorithm (the default) is deprecated and will be removed in 1.6. Use the SAMME algorithm to circumvent this warning.
  warnings.warn(

2024-11-09 22:57:47,450:WARNING:c:\Users\flaib\AppData\Local\Programs\Python\Python310\lib\site-packages\sklearn\ensemble\_weight_boosting.py:519: FutureWarning: The SAMME.R algorithm (the default) is deprecated and will be removed in 1.6. Use the SAMME algorithm to circumvent this warning.
  warnings.warn(

2024-11-09 22:57:50,651:INFO:Calculating mean and std
2024-11-09 22:57:50,651:INFO:Creating metrics dataframe
2024-11-09 22:57:50,651:INFO:Uploading results into container
2024-11-09 22:57:50,651:INFO:Uploading model into container now
2024-11-09 22:57:50,651:INFO:_master_model_container: 9
2024-11-09 22:57:50,651:INFO:_display_container: 2
2024-11-09 22:57:50,651:INFO:AdaBoostClassifier(algorithm='SAMME.R', estimator=None, learning_rate=1.0,
                   n_estimators=50, random_state=123)
2024-11-09 22:57:50,651:INFO:create_model() successfully completed......................................
2024-11-09 22:57:50,746:INFO:SubProcess create_model() end ==================================
2024-11-09 22:57:50,746:INFO:Creating metrics dataframe
2024-11-09 22:57:50,761:INFO:Initializing Gradient Boosting Classifier
2024-11-09 22:57:50,761:INFO:Total runtime is 0.3604865988095602 minutes
2024-11-09 22:57:50,761:INFO:SubProcess create_model() called ==================================
2024-11-09 22:57:50,761:INFO:Initializing create_model()
2024-11-09 22:57:50,761:INFO:create_model(self=<pycaret.classification.oop.ClassificationExperiment object at 0x00000258144B79A0>, estimator=gbc, fold=StratifiedKFold(n_splits=10, random_state=None, shuffle=False), round=4, cross_validation=True, predict=True, fit_kwargs={}, groups=None, refit=False, probability_threshold=None, experiment_custom_tags=None, verbose=False, system=False, add_to_model_list=True, metrics=None, display=<pycaret.internal.display.display.CommonDisplay object at 0x000002581B6CD990>, model_only=True, return_train_score=False, error_score=0.0, kwargs={})
2024-11-09 22:57:50,761:INFO:Checking exceptions
2024-11-09 22:57:50,761:INFO:Importing libraries
2024-11-09 22:57:50,761:INFO:Copying training dataset
2024-11-09 22:57:50,777:INFO:Defining folds
2024-11-09 22:57:50,777:INFO:Declaring metric variables
2024-11-09 22:57:50,777:INFO:Importing untrained model
2024-11-09 22:57:50,777:INFO:Gradient Boosting Classifier Imported successfully
2024-11-09 22:57:50,777:INFO:Starting cross validation
2024-11-09 22:57:50,792:INFO:Cross validating with StratifiedKFold(n_splits=10, random_state=None, shuffle=False), n_jobs=-1
2024-11-09 22:58:06,607:INFO:Calculating mean and std
2024-11-09 22:58:06,607:INFO:Creating metrics dataframe
2024-11-09 22:58:06,607:INFO:Uploading results into container
2024-11-09 22:58:06,607:INFO:Uploading model into container now
2024-11-09 22:58:06,607:INFO:_master_model_container: 10
2024-11-09 22:58:06,607:INFO:_display_container: 2
2024-11-09 22:58:06,607:INFO:GradientBoostingClassifier(ccp_alpha=0.0, criterion='friedman_mse', init=None,
                           learning_rate=0.1, loss='log_loss', max_depth=3,
                           max_features=None, max_leaf_nodes=None,
                           min_impurity_decrease=0.0, min_samples_leaf=1,
                           min_samples_split=2, min_weight_fraction_leaf=0.0,
                           n_estimators=100, n_iter_no_change=None,
                           random_state=123, subsample=1.0, tol=0.0001,
                           validation_fraction=0.1, verbose=0,
                           warm_start=False)
2024-11-09 22:58:06,607:INFO:create_model() successfully completed......................................
2024-11-09 22:58:06,717:INFO:SubProcess create_model() end ==================================
2024-11-09 22:58:06,717:INFO:Creating metrics dataframe
2024-11-09 22:58:06,729:INFO:Initializing Linear Discriminant Analysis
2024-11-09 22:58:06,733:INFO:Total runtime is 0.6266784230868022 minutes
2024-11-09 22:58:06,733:INFO:SubProcess create_model() called ==================================
2024-11-09 22:58:06,733:INFO:Initializing create_model()
2024-11-09 22:58:06,733:INFO:create_model(self=<pycaret.classification.oop.ClassificationExperiment object at 0x00000258144B79A0>, estimator=lda, fold=StratifiedKFold(n_splits=10, random_state=None, shuffle=False), round=4, cross_validation=True, predict=True, fit_kwargs={}, groups=None, refit=False, probability_threshold=None, experiment_custom_tags=None, verbose=False, system=False, add_to_model_list=True, metrics=None, display=<pycaret.internal.display.display.CommonDisplay object at 0x000002581B6CD990>, model_only=True, return_train_score=False, error_score=0.0, kwargs={})
2024-11-09 22:58:06,733:INFO:Checking exceptions
2024-11-09 22:58:06,733:INFO:Importing libraries
2024-11-09 22:58:06,733:INFO:Copying training dataset
2024-11-09 22:58:06,748:INFO:Defining folds
2024-11-09 22:58:06,748:INFO:Declaring metric variables
2024-11-09 22:58:06,748:INFO:Importing untrained model
2024-11-09 22:58:06,748:INFO:Linear Discriminant Analysis Imported successfully
2024-11-09 22:58:06,748:INFO:Starting cross validation
2024-11-09 22:58:06,748:INFO:Cross validating with StratifiedKFold(n_splits=10, random_state=None, shuffle=False), n_jobs=-1
2024-11-09 22:58:07,501:INFO:Calculating mean and std
2024-11-09 22:58:07,501:INFO:Creating metrics dataframe
2024-11-09 22:58:07,501:INFO:Uploading results into container
2024-11-09 22:58:07,501:INFO:Uploading model into container now
2024-11-09 22:58:07,501:INFO:_master_model_container: 11
2024-11-09 22:58:07,501:INFO:_display_container: 2
2024-11-09 22:58:07,501:INFO:LinearDiscriminantAnalysis(covariance_estimator=None, n_components=None,
                           priors=None, shrinkage=None, solver='svd',
                           store_covariance=False, tol=0.0001)
2024-11-09 22:58:07,501:INFO:create_model() successfully completed......................................
2024-11-09 22:58:07,611:INFO:SubProcess create_model() end ==================================
2024-11-09 22:58:07,611:INFO:Creating metrics dataframe
2024-11-09 22:58:07,611:INFO:Initializing Extra Trees Classifier
2024-11-09 22:58:07,611:INFO:Total runtime is 0.6413184841473898 minutes
2024-11-09 22:58:07,611:INFO:SubProcess create_model() called ==================================
2024-11-09 22:58:07,611:INFO:Initializing create_model()
2024-11-09 22:58:07,611:INFO:create_model(self=<pycaret.classification.oop.ClassificationExperiment object at 0x00000258144B79A0>, estimator=et, fold=StratifiedKFold(n_splits=10, random_state=None, shuffle=False), round=4, cross_validation=True, predict=True, fit_kwargs={}, groups=None, refit=False, probability_threshold=None, experiment_custom_tags=None, verbose=False, system=False, add_to_model_list=True, metrics=None, display=<pycaret.internal.display.display.CommonDisplay object at 0x000002581B6CD990>, model_only=True, return_train_score=False, error_score=0.0, kwargs={})
2024-11-09 22:58:07,611:INFO:Checking exceptions
2024-11-09 22:58:07,611:INFO:Importing libraries
2024-11-09 22:58:07,611:INFO:Copying training dataset
2024-11-09 22:58:07,631:INFO:Defining folds
2024-11-09 22:58:07,631:INFO:Declaring metric variables
2024-11-09 22:58:07,631:INFO:Importing untrained model
2024-11-09 22:58:07,643:INFO:Extra Trees Classifier Imported successfully
2024-11-09 22:58:07,643:INFO:Starting cross validation
2024-11-09 22:58:07,643:INFO:Cross validating with StratifiedKFold(n_splits=10, random_state=None, shuffle=False), n_jobs=-1
2024-11-09 22:58:12,046:INFO:Calculating mean and std
2024-11-09 22:58:12,046:INFO:Creating metrics dataframe
2024-11-09 22:58:12,046:INFO:Uploading results into container
2024-11-09 22:58:12,046:INFO:Uploading model into container now
2024-11-09 22:58:12,046:INFO:_master_model_container: 12
2024-11-09 22:58:12,046:INFO:_display_container: 2
2024-11-09 22:58:12,046:INFO:ExtraTreesClassifier(bootstrap=False, ccp_alpha=0.0, class_weight=None,
                     criterion='gini', max_depth=None, max_features='sqrt',
                     max_leaf_nodes=None, max_samples=None,
                     min_impurity_decrease=0.0, min_samples_leaf=1,
                     min_samples_split=2, min_weight_fraction_leaf=0.0,
                     monotonic_cst=None, n_estimators=100, n_jobs=-1,
                     oob_score=False, random_state=123, verbose=0,
                     warm_start=False)
2024-11-09 22:58:12,046:INFO:create_model() successfully completed......................................
2024-11-09 22:58:12,203:INFO:SubProcess create_model() end ==================================
2024-11-09 22:58:12,203:INFO:Creating metrics dataframe
2024-11-09 22:58:12,219:INFO:Initializing Light Gradient Boosting Machine
2024-11-09 22:58:12,219:INFO:Total runtime is 0.718111511071523 minutes
2024-11-09 22:58:12,219:INFO:SubProcess create_model() called ==================================
2024-11-09 22:58:12,219:INFO:Initializing create_model()
2024-11-09 22:58:12,219:INFO:create_model(self=<pycaret.classification.oop.ClassificationExperiment object at 0x00000258144B79A0>, estimator=lightgbm, fold=StratifiedKFold(n_splits=10, random_state=None, shuffle=False), round=4, cross_validation=True, predict=True, fit_kwargs={}, groups=None, refit=False, probability_threshold=None, experiment_custom_tags=None, verbose=False, system=False, add_to_model_list=True, metrics=None, display=<pycaret.internal.display.display.CommonDisplay object at 0x000002581B6CD990>, model_only=True, return_train_score=False, error_score=0.0, kwargs={})
2024-11-09 22:58:12,219:INFO:Checking exceptions
2024-11-09 22:58:12,219:INFO:Importing libraries
2024-11-09 22:58:12,219:INFO:Copying training dataset
2024-11-09 22:58:12,238:INFO:Defining folds
2024-11-09 22:58:12,238:INFO:Declaring metric variables
2024-11-09 22:58:12,238:INFO:Importing untrained model
2024-11-09 22:58:12,238:INFO:Light Gradient Boosting Machine Imported successfully
2024-11-09 22:58:12,250:INFO:Starting cross validation
2024-11-09 22:58:12,250:INFO:Cross validating with StratifiedKFold(n_splits=10, random_state=None, shuffle=False), n_jobs=-1
2024-11-09 22:58:15,110:INFO:Calculating mean and std
2024-11-09 22:58:15,110:INFO:Creating metrics dataframe
2024-11-09 22:58:15,110:INFO:Uploading results into container
2024-11-09 22:58:15,110:INFO:Uploading model into container now
2024-11-09 22:58:15,110:INFO:_master_model_container: 13
2024-11-09 22:58:15,110:INFO:_display_container: 2
2024-11-09 22:58:15,110:INFO:LGBMClassifier(boosting_type='gbdt', class_weight=None, colsample_bytree=1.0,
               importance_type='split', learning_rate=0.1, max_depth=-1,
               min_child_samples=20, min_child_weight=0.001, min_split_gain=0.0,
               n_estimators=100, n_jobs=-1, num_leaves=31, objective=None,
               random_state=123, reg_alpha=0.0, reg_lambda=0.0, subsample=1.0,
               subsample_for_bin=200000, subsample_freq=0)
2024-11-09 22:58:15,110:INFO:create_model() successfully completed......................................
2024-11-09 22:58:15,243:INFO:SubProcess create_model() end ==================================
2024-11-09 22:58:15,243:INFO:Creating metrics dataframe
2024-11-09 22:58:15,267:INFO:Initializing Dummy Classifier
2024-11-09 22:58:15,267:INFO:Total runtime is 0.7689164678255717 minutes
2024-11-09 22:58:15,267:INFO:SubProcess create_model() called ==================================
2024-11-09 22:58:15,267:INFO:Initializing create_model()
2024-11-09 22:58:15,267:INFO:create_model(self=<pycaret.classification.oop.ClassificationExperiment object at 0x00000258144B79A0>, estimator=dummy, fold=StratifiedKFold(n_splits=10, random_state=None, shuffle=False), round=4, cross_validation=True, predict=True, fit_kwargs={}, groups=None, refit=False, probability_threshold=None, experiment_custom_tags=None, verbose=False, system=False, add_to_model_list=True, metrics=None, display=<pycaret.internal.display.display.CommonDisplay object at 0x000002581B6CD990>, model_only=True, return_train_score=False, error_score=0.0, kwargs={})
2024-11-09 22:58:15,267:INFO:Checking exceptions
2024-11-09 22:58:15,267:INFO:Importing libraries
2024-11-09 22:58:15,267:INFO:Copying training dataset
2024-11-09 22:58:15,283:INFO:Defining folds
2024-11-09 22:58:15,283:INFO:Declaring metric variables
2024-11-09 22:58:15,283:INFO:Importing untrained model
2024-11-09 22:58:15,298:INFO:Dummy Classifier Imported successfully
2024-11-09 22:58:15,298:INFO:Starting cross validation
2024-11-09 22:58:15,298:INFO:Cross validating with StratifiedKFold(n_splits=10, random_state=None, shuffle=False), n_jobs=-1
2024-11-09 22:58:15,659:WARNING:c:\Users\flaib\AppData\Local\Programs\Python\Python310\lib\site-packages\sklearn\metrics\_classification.py:1509: UndefinedMetricWarning: Precision is ill-defined and being set to 0.0 due to no predicted samples. Use `zero_division` parameter to control this behavior.
  _warn_prf(average, modifier, f"{metric.capitalize()} is", len(result))

2024-11-09 22:58:15,706:WARNING:c:\Users\flaib\AppData\Local\Programs\Python\Python310\lib\site-packages\sklearn\metrics\_classification.py:1509: UndefinedMetricWarning: Precision is ill-defined and being set to 0.0 due to no predicted samples. Use `zero_division` parameter to control this behavior.
  _warn_prf(average, modifier, f"{metric.capitalize()} is", len(result))

2024-11-09 22:58:15,722:WARNING:c:\Users\flaib\AppData\Local\Programs\Python\Python310\lib\site-packages\sklearn\metrics\_classification.py:1509: UndefinedMetricWarning: Precision is ill-defined and being set to 0.0 due to no predicted samples. Use `zero_division` parameter to control this behavior.
  _warn_prf(average, modifier, f"{metric.capitalize()} is", len(result))

2024-11-09 22:58:15,744:WARNING:c:\Users\flaib\AppData\Local\Programs\Python\Python310\lib\site-packages\sklearn\metrics\_classification.py:1509: UndefinedMetricWarning: Precision is ill-defined and being set to 0.0 due to no predicted samples. Use `zero_division` parameter to control this behavior.
  _warn_prf(average, modifier, f"{metric.capitalize()} is", len(result))

2024-11-09 22:58:15,744:WARNING:c:\Users\flaib\AppData\Local\Programs\Python\Python310\lib\site-packages\sklearn\metrics\_classification.py:1509: UndefinedMetricWarning: Precision is ill-defined and being set to 0.0 due to no predicted samples. Use `zero_division` parameter to control this behavior.
  _warn_prf(average, modifier, f"{metric.capitalize()} is", len(result))

2024-11-09 22:58:15,753:WARNING:c:\Users\flaib\AppData\Local\Programs\Python\Python310\lib\site-packages\sklearn\metrics\_classification.py:1509: UndefinedMetricWarning: Precision is ill-defined and being set to 0.0 due to no predicted samples. Use `zero_division` parameter to control this behavior.
  _warn_prf(average, modifier, f"{metric.capitalize()} is", len(result))

2024-11-09 22:58:15,769:WARNING:c:\Users\flaib\AppData\Local\Programs\Python\Python310\lib\site-packages\sklearn\metrics\_classification.py:1509: UndefinedMetricWarning: Precision is ill-defined and being set to 0.0 due to no predicted samples. Use `zero_division` parameter to control this behavior.
  _warn_prf(average, modifier, f"{metric.capitalize()} is", len(result))

2024-11-09 22:58:15,784:WARNING:c:\Users\flaib\AppData\Local\Programs\Python\Python310\lib\site-packages\sklearn\metrics\_classification.py:1509: UndefinedMetricWarning: Precision is ill-defined and being set to 0.0 due to no predicted samples. Use `zero_division` parameter to control this behavior.
  _warn_prf(average, modifier, f"{metric.capitalize()} is", len(result))

2024-11-09 22:58:15,784:WARNING:c:\Users\flaib\AppData\Local\Programs\Python\Python310\lib\site-packages\sklearn\metrics\_classification.py:1509: UndefinedMetricWarning: Precision is ill-defined and being set to 0.0 due to no predicted samples. Use `zero_division` parameter to control this behavior.
  _warn_prf(average, modifier, f"{metric.capitalize()} is", len(result))

2024-11-09 22:58:15,816:WARNING:c:\Users\flaib\AppData\Local\Programs\Python\Python310\lib\site-packages\sklearn\metrics\_classification.py:1509: UndefinedMetricWarning: Precision is ill-defined and being set to 0.0 due to no predicted samples. Use `zero_division` parameter to control this behavior.
  _warn_prf(average, modifier, f"{metric.capitalize()} is", len(result))

2024-11-09 22:58:15,957:INFO:Calculating mean and std
2024-11-09 22:58:15,957:INFO:Creating metrics dataframe
2024-11-09 22:58:15,957:INFO:Uploading results into container
2024-11-09 22:58:15,957:INFO:Uploading model into container now
2024-11-09 22:58:15,957:INFO:_master_model_container: 14
2024-11-09 22:58:15,957:INFO:_display_container: 2
2024-11-09 22:58:15,957:INFO:DummyClassifier(constant=None, random_state=123, strategy='prior')
2024-11-09 22:58:15,957:INFO:create_model() successfully completed......................................
2024-11-09 22:58:16,083:INFO:SubProcess create_model() end ==================================
2024-11-09 22:58:16,083:INFO:Creating metrics dataframe
2024-11-09 22:58:16,098:INFO:Initializing create_model()
2024-11-09 22:58:16,098:INFO:create_model(self=<pycaret.classification.oop.ClassificationExperiment object at 0x00000258144B79A0>, estimator=LGBMClassifier(boosting_type='gbdt', class_weight=None, colsample_bytree=1.0,
               importance_type='split', learning_rate=0.1, max_depth=-1,
               min_child_samples=20, min_child_weight=0.001, min_split_gain=0.0,
               n_estimators=100, n_jobs=-1, num_leaves=31, objective=None,
               random_state=123, reg_alpha=0.0, reg_lambda=0.0, subsample=1.0,
               subsample_for_bin=200000, subsample_freq=0), fold=StratifiedKFold(n_splits=10, random_state=None, shuffle=False), round=4, cross_validation=False, predict=False, fit_kwargs={}, groups=None, refit=True, probability_threshold=None, experiment_custom_tags=None, verbose=False, system=False, add_to_model_list=True, metrics=None, display=None, model_only=True, return_train_score=False, error_score=0.0, kwargs={})
2024-11-09 22:58:16,098:INFO:Checking exceptions
2024-11-09 22:58:16,098:INFO:Importing libraries
2024-11-09 22:58:16,098:INFO:Copying training dataset
2024-11-09 22:58:16,114:INFO:Defining folds
2024-11-09 22:58:16,114:INFO:Declaring metric variables
2024-11-09 22:58:16,114:INFO:Importing untrained model
2024-11-09 22:58:16,114:INFO:Declaring custom model
2024-11-09 22:58:16,114:INFO:Light Gradient Boosting Machine Imported successfully
2024-11-09 22:58:16,114:INFO:Cross validation set to False
2024-11-09 22:58:16,114:INFO:Fitting Model
2024-11-09 22:58:16,255:INFO:[LightGBM] [Info] Number of positive: 17242, number of negative: 17242
2024-11-09 22:58:16,255:INFO:[LightGBM] [Info] Auto-choosing col-wise multi-threading, the overhead of testing was 0.004073 seconds.
2024-11-09 22:58:16,255:INFO:You can set `force_col_wise=true` to remove the overhead.
2024-11-09 22:58:16,255:INFO:[LightGBM] [Info] Total Bins 9928
2024-11-09 22:58:16,255:INFO:[LightGBM] [Info] Number of data points in the train set: 34484, number of used features: 39
2024-11-09 22:58:16,255:INFO:[LightGBM] [Info] [binary:BoostFromScore]: pavg=0.500000 -> initscore=0.000000
2024-11-09 22:58:16,459:INFO:LGBMClassifier(boosting_type='gbdt', class_weight=None, colsample_bytree=1.0,
               importance_type='split', learning_rate=0.1, max_depth=-1,
               min_child_samples=20, min_child_weight=0.001, min_split_gain=0.0,
               n_estimators=100, n_jobs=-1, num_leaves=31, objective=None,
               random_state=123, reg_alpha=0.0, reg_lambda=0.0, subsample=1.0,
               subsample_for_bin=200000, subsample_freq=0)
2024-11-09 22:58:16,459:INFO:create_model() successfully completed......................................
2024-11-09 22:58:16,600:INFO:_master_model_container: 14
2024-11-09 22:58:16,600:INFO:_display_container: 2
2024-11-09 22:58:16,600:INFO:LGBMClassifier(boosting_type='gbdt', class_weight=None, colsample_bytree=1.0,
               importance_type='split', learning_rate=0.1, max_depth=-1,
               min_child_samples=20, min_child_weight=0.001, min_split_gain=0.0,
               n_estimators=100, n_jobs=-1, num_leaves=31, objective=None,
               random_state=123, reg_alpha=0.0, reg_lambda=0.0, subsample=1.0,
               subsample_for_bin=200000, subsample_freq=0)
2024-11-09 22:58:16,600:INFO:compare_models() successfully completed......................................
2024-11-09 22:58:16,663:INFO:Initializing get_config()
2024-11-09 22:58:16,663:INFO:get_config(self=<pycaret.classification.oop.ClassificationExperiment object at 0x00000258144B79A0>, variable=_available_plots)
2024-11-09 22:58:16,663:INFO:Variable: _ava returned as {'pipeline': 'Pipeline Plot', 'parameter': 'Hyperparameters', 'auc': 'AUC', 'confusion_matrix': 'Confusion Matrix', 'threshold': 'Threshold', 'pr': 'Precision Recall', 'error': 'Prediction Error', 'class_report': 'Class Report', 'rfe': 'Feature Selection', 'learning': 'Learning Curve', 'manifold': 'Manifold Learning', 'calibration': 'Calibration Curve', 'vc': 'Validation Curve', 'dimension': 'Dimensions', 'feature': 'Feature Importance', 'feature_all': 'Feature Importance (All)', 'boundary': 'Decision Boundary', 'lift': 'Lift Chart', 'gain': 'Gain Chart', 'tree': 'Decision Tree', 'ks': 'KS Statistic Plot'}
2024-11-09 22:58:16,663:INFO:get_config() successfully completed......................................
2024-11-09 22:58:16,679:INFO:Initializing evaluate_model()
2024-11-09 22:58:16,679:INFO:evaluate_model(self=<pycaret.classification.oop.ClassificationExperiment object at 0x00000258144B79A0>, estimator=LGBMClassifier(boosting_type='gbdt', class_weight=None, colsample_bytree=1.0,
               importance_type='split', learning_rate=0.1, max_depth=-1,
               min_child_samples=20, min_child_weight=0.001, min_split_gain=0.0,
               n_estimators=100, n_jobs=-1, num_leaves=31, objective=None,
               random_state=123, reg_alpha=0.0, reg_lambda=0.0, subsample=1.0,
               subsample_for_bin=200000, subsample_freq=0), fold=None, fit_kwargs=None, plot_kwargs=None, feature_name=None, groups=None)
2024-11-09 22:58:16,694:INFO:Initializing plot_model()
2024-11-09 22:58:16,694:INFO:plot_model(plot=pipeline, fold=StratifiedKFold(n_splits=10, random_state=None, shuffle=False), verbose=False, display=None, display_format=None, estimator=LGBMClassifier(boosting_type='gbdt', class_weight=None, colsample_bytree=1.0,
               importance_type='split', learning_rate=0.1, max_depth=-1,
               min_child_samples=20, min_child_weight=0.001, min_split_gain=0.0,
               n_estimators=100, n_jobs=-1, num_leaves=31, objective=None,
               random_state=123, reg_alpha=0.0, reg_lambda=0.0, subsample=1.0,
               subsample_for_bin=200000, subsample_freq=0), feature_name=None, fit_kwargs={}, groups=None, label=False, plot_kwargs=None, save=False, scale=1, self=<pycaret.classification.oop.ClassificationExperiment object at 0x00000258144B79A0>, system=True)
2024-11-09 22:58:16,694:INFO:Checking exceptions
2024-11-09 22:58:16,710:INFO:Preloading libraries
2024-11-09 22:58:16,710:INFO:Copying training dataset
2024-11-09 22:58:16,710:INFO:Plot type: pipeline
2024-11-09 22:58:16,914:INFO:Visual Rendered Successfully
2024-11-09 22:58:17,024:INFO:plot_model() successfully completed......................................
2024-11-09 22:58:17,024:INFO:Initializing plot_model()
2024-11-09 22:58:17,024:INFO:plot_model(plot=auc, fold=None, verbose=True, display=None, display_format=None, estimator=LGBMClassifier(boosting_type='gbdt', class_weight=None, colsample_bytree=1.0,
               importance_type='split', learning_rate=0.1, max_depth=-1,
               min_child_samples=20, min_child_weight=0.001, min_split_gain=0.0,
               n_estimators=100, n_jobs=-1, num_leaves=31, objective=None,
               random_state=123, reg_alpha=0.0, reg_lambda=0.0, subsample=1.0,
               subsample_for_bin=200000, subsample_freq=0), feature_name=None, fit_kwargs=None, groups=None, label=False, plot_kwargs=None, save=False, scale=1, self=<pycaret.classification.oop.ClassificationExperiment object at 0x00000258144B79A0>, system=True)
2024-11-09 22:58:17,024:INFO:Checking exceptions
2024-11-09 22:58:17,024:INFO:Preloading libraries
2024-11-09 22:58:17,039:INFO:Copying training dataset
2024-11-09 22:58:17,039:INFO:Plot type: auc
2024-11-09 22:58:17,306:INFO:Fitting Model
2024-11-09 22:58:17,306:INFO:Scoring test/hold-out set
2024-11-09 22:58:17,547:INFO:Visual Rendered Successfully
2024-11-09 22:58:17,651:INFO:plot_model() successfully completed......................................
2024-11-09 22:58:17,651:INFO:Initializing plot_model()
2024-11-09 22:58:17,651:INFO:plot_model(plot=feature, fold=None, verbose=True, display=None, display_format=None, estimator=LGBMClassifier(boosting_type='gbdt', class_weight=None, colsample_bytree=1.0,
               importance_type='split', learning_rate=0.1, max_depth=-1,
               min_child_samples=20, min_child_weight=0.001, min_split_gain=0.0,
               n_estimators=100, n_jobs=-1, num_leaves=31, objective=None,
               random_state=123, reg_alpha=0.0, reg_lambda=0.0, subsample=1.0,
               subsample_for_bin=200000, subsample_freq=0), feature_name=None, fit_kwargs=None, groups=None, label=False, plot_kwargs=None, save=False, scale=1, self=<pycaret.classification.oop.ClassificationExperiment object at 0x00000258144B79A0>, system=True)
2024-11-09 22:58:17,651:INFO:Checking exceptions
2024-11-09 22:58:17,667:INFO:Preloading libraries
2024-11-09 22:58:17,682:INFO:Copying training dataset
2024-11-09 22:58:17,682:INFO:Plot type: feature
2024-11-09 22:58:17,682:WARNING:No coef_ found. Trying feature_importances_
2024-11-09 22:58:17,855:INFO:Visual Rendered Successfully
2024-11-09 22:58:17,965:INFO:plot_model() successfully completed......................................
2024-11-09 22:58:17,981:INFO:Initializing save_model()
2024-11-09 22:58:17,981:INFO:save_model(model=LGBMClassifier(boosting_type='gbdt', class_weight=None, colsample_bytree=1.0,
               importance_type='split', learning_rate=0.1, max_depth=-1,
               min_child_samples=20, min_child_weight=0.001, min_split_gain=0.0,
               n_estimators=100, n_jobs=-1, num_leaves=31, objective=None,
               random_state=123, reg_alpha=0.0, reg_lambda=0.0, subsample=1.0,
               subsample_for_bin=200000, subsample_freq=0), model_name=best_model, prep_pipe_=Pipeline(memory=FastMemory(location=C:\Users\flaib\AppData\Local\Temp\joblib),
         steps=[('numerical_imputer',
                 TransformerWrapper(exclude=None,
                                    include=['MinTemp', 'MaxTemp', 'Rainfall',
                                             'Evaporation', 'Sunshine',
                                             'WindGustSpeed', 'WindSpeed9am',
                                             'WindSpeed3pm', 'Humidity9am',
                                             'Humidity3pm', 'Pressure9am',
                                             'Pressure3pm', 'Cloud9am',
                                             'Cloud3pm', 'Temp9am', 'Temp3pm',
                                             'La...
                 TransformerWrapper(exclude=None, include=[],
                                    transformer=SimpleImputer(add_indicator=False,
                                                              copy=True,
                                                              fill_value=None,
                                                              keep_empty_features=False,
                                                              missing_values=nan,
                                                              strategy='most_frequent'))),
                ('balance',
                 TransformerWrapper(exclude=None, include=None,
                                    transformer=FixImbalancer(estimator=SMOTE(k_neighbors=5,
                                                                              n_jobs=None,
                                                                              random_state=123,
                                                                              sampling_strategy='auto'))))],
         verbose=False), verbose=True, use_case=MLUsecase.CLASSIFICATION, kwargs={})
2024-11-09 22:58:17,981:INFO:Adding model into prep_pipe
2024-11-09 22:58:17,996:INFO:best_model.pkl saved in current working directory
2024-11-09 22:58:17,996:INFO:Pipeline(memory=Memory(location=None),
         steps=[('numerical_imputer',
                 TransformerWrapper(exclude=None,
                                    include=['MinTemp', 'MaxTemp', 'Rainfall',
                                             'Evaporation', 'Sunshine',
                                             'WindGustSpeed', 'WindSpeed9am',
                                             'WindSpeed3pm', 'Humidity9am',
                                             'Humidity3pm', 'Pressure9am',
                                             'Pressure3pm', 'Cloud9am',
                                             'Cloud3pm', 'Temp9am', 'Temp3pm',
                                             'Latitude', 'Longitude',
                                             'WindGustDir_N', 'Win...
                 LGBMClassifier(boosting_type='gbdt', class_weight=None,
                                colsample_bytree=1.0, importance_type='split',
                                learning_rate=0.1, max_depth=-1,
                                min_child_samples=20, min_child_weight=0.001,
                                min_split_gain=0.0, n_estimators=100, n_jobs=-1,
                                num_leaves=31, objective=None, random_state=123,
                                reg_alpha=0.0, reg_lambda=0.0, subsample=1.0,
                                subsample_for_bin=200000, subsample_freq=0))],
         verbose=False)
2024-11-09 22:58:17,996:INFO:save_model() successfully completed......................................
2024-11-09 22:58:18,106:INFO:Initializing load_model()
2024-11-09 22:58:18,106:INFO:load_model(model_name=best_model, platform=None, authentication=None, verbose=True)
2024-11-09 22:58:18,122:INFO:Initializing predict_model()
2024-11-09 22:58:18,122:INFO:predict_model(self=<pycaret.classification.oop.ClassificationExperiment object at 0x00000258144B79A0>, estimator=Pipeline(memory=FastMemory(location=C:\Users\flaib\AppData\Local\Temp\joblib),
         steps=[('numerical_imputer',
                 TransformerWrapper(exclude=None,
                                    include=['MinTemp', 'MaxTemp', 'Rainfall',
                                             'Evaporation', 'Sunshine',
                                             'WindGustSpeed', 'WindSpeed9am',
                                             'WindSpeed3pm', 'Humidity9am',
                                             'Humidity3pm', 'Pressure9am',
                                             'Pressure3pm', 'Cloud9am',
                                             'Cloud3pm', 'Temp9am', 'Temp3pm',
                                             'La...
                 LGBMClassifier(boosting_type='gbdt', class_weight=None,
                                colsample_bytree=1.0, importance_type='split',
                                learning_rate=0.1, max_depth=-1,
                                min_child_samples=20, min_child_weight=0.001,
                                min_split_gain=0.0, n_estimators=100, n_jobs=-1,
                                num_leaves=31, objective=None, random_state=123,
                                reg_alpha=0.0, reg_lambda=0.0, subsample=1.0,
                                subsample_for_bin=200000, subsample_freq=0))],
         verbose=False), probability_threshold=None, encoded_labels=False, raw_score=False, round=4, verbose=True, ml_usecase=None, preprocess=True, encode_labels=<function _SupervisedExperiment.predict_model.<locals>.encode_labels at 0x000002581E471C60>)
2024-11-09 22:58:18,122:INFO:Checking exceptions
2024-11-09 22:58:18,122:INFO:Preloading libraries
2024-11-09 22:58:18,122:INFO:Set up data.
2024-11-09 22:58:18,137:INFO:Set up index.
2024-11-09 23:04:23,810:INFO:Initializing evaluate_model()
2024-11-09 23:04:23,810:INFO:evaluate_model(self=<pycaret.classification.oop.ClassificationExperiment object at 0x00000258144B79A0>, estimator=LGBMClassifier(boosting_type='gbdt', class_weight=None, colsample_bytree=1.0,
               importance_type='split', learning_rate=0.1, max_depth=-1,
               min_child_samples=20, min_child_weight=0.001, min_split_gain=0.0,
               n_estimators=100, n_jobs=-1, num_leaves=31, objective=None,
               random_state=123, reg_alpha=0.0, reg_lambda=0.0, subsample=1.0,
               subsample_for_bin=200000, subsample_freq=0), fold=None, fit_kwargs=None, plot_kwargs=None, feature_name=None, groups=None)
2024-11-09 23:04:23,830:INFO:Initializing plot_model()
2024-11-09 23:04:23,830:INFO:plot_model(plot=pipeline, fold=StratifiedKFold(n_splits=10, random_state=None, shuffle=False), verbose=False, display=None, display_format=None, estimator=LGBMClassifier(boosting_type='gbdt', class_weight=None, colsample_bytree=1.0,
               importance_type='split', learning_rate=0.1, max_depth=-1,
               min_child_samples=20, min_child_weight=0.001, min_split_gain=0.0,
               n_estimators=100, n_jobs=-1, num_leaves=31, objective=None,
               random_state=123, reg_alpha=0.0, reg_lambda=0.0, subsample=1.0,
               subsample_for_bin=200000, subsample_freq=0), feature_name=None, fit_kwargs={}, groups=None, label=False, plot_kwargs=None, save=False, scale=1, self=<pycaret.classification.oop.ClassificationExperiment object at 0x00000258144B79A0>, system=True)
2024-11-09 23:04:23,830:INFO:Checking exceptions
2024-11-09 23:04:23,838:INFO:Preloading libraries
2024-11-09 23:04:23,843:INFO:Copying training dataset
2024-11-09 23:04:23,843:INFO:Plot type: pipeline
2024-11-09 23:04:23,994:INFO:Visual Rendered Successfully
2024-11-09 23:04:24,123:INFO:plot_model() successfully completed......................................
2024-11-09 23:04:24,127:INFO:Initializing plot_model()
2024-11-09 23:04:24,128:INFO:plot_model(plot=auc, fold=None, verbose=True, display=None, display_format=None, estimator=LGBMClassifier(boosting_type='gbdt', class_weight=None, colsample_bytree=1.0,
               importance_type='split', learning_rate=0.1, max_depth=-1,
               min_child_samples=20, min_child_weight=0.001, min_split_gain=0.0,
               n_estimators=100, n_jobs=-1, num_leaves=31, objective=None,
               random_state=123, reg_alpha=0.0, reg_lambda=0.0, subsample=1.0,
               subsample_for_bin=200000, subsample_freq=0), feature_name=None, fit_kwargs=None, groups=None, label=False, plot_kwargs=None, save=False, scale=1, self=<pycaret.classification.oop.ClassificationExperiment object at 0x00000258144B79A0>, system=True)
2024-11-09 23:04:24,128:INFO:Checking exceptions
2024-11-09 23:04:24,134:INFO:Preloading libraries
2024-11-09 23:04:24,138:INFO:Copying training dataset
2024-11-09 23:04:24,139:INFO:Plot type: auc
2024-11-09 23:04:24,255:INFO:Fitting Model
2024-11-09 23:04:24,255:INFO:Scoring test/hold-out set
2024-11-09 23:04:24,467:INFO:Visual Rendered Successfully
2024-11-09 23:04:24,581:INFO:plot_model() successfully completed......................................
2024-11-09 23:04:24,581:INFO:Initializing plot_model()
2024-11-09 23:04:24,581:INFO:plot_model(plot=feature, fold=None, verbose=True, display=None, display_format=None, estimator=LGBMClassifier(boosting_type='gbdt', class_weight=None, colsample_bytree=1.0,
               importance_type='split', learning_rate=0.1, max_depth=-1,
               min_child_samples=20, min_child_weight=0.001, min_split_gain=0.0,
               n_estimators=100, n_jobs=-1, num_leaves=31, objective=None,
               random_state=123, reg_alpha=0.0, reg_lambda=0.0, subsample=1.0,
               subsample_for_bin=200000, subsample_freq=0), feature_name=None, fit_kwargs=None, groups=None, label=False, plot_kwargs=None, save=False, scale=1, self=<pycaret.classification.oop.ClassificationExperiment object at 0x00000258144B79A0>, system=True)
2024-11-09 23:04:24,581:INFO:Checking exceptions
2024-11-09 23:04:24,588:INFO:Preloading libraries
2024-11-09 23:04:24,595:INFO:Copying training dataset
2024-11-09 23:04:24,595:INFO:Plot type: feature
2024-11-09 23:04:24,595:WARNING:No coef_ found. Trying feature_importances_
2024-11-09 23:04:24,763:INFO:Visual Rendered Successfully
2024-11-09 23:04:24,867:INFO:plot_model() successfully completed......................................
2024-11-09 23:04:24,883:INFO:Initializing save_model()
2024-11-09 23:04:24,883:INFO:save_model(model=LGBMClassifier(boosting_type='gbdt', class_weight=None, colsample_bytree=1.0,
               importance_type='split', learning_rate=0.1, max_depth=-1,
               min_child_samples=20, min_child_weight=0.001, min_split_gain=0.0,
               n_estimators=100, n_jobs=-1, num_leaves=31, objective=None,
               random_state=123, reg_alpha=0.0, reg_lambda=0.0, subsample=1.0,
               subsample_for_bin=200000, subsample_freq=0), model_name=best_model, prep_pipe_=Pipeline(memory=FastMemory(location=C:\Users\flaib\AppData\Local\Temp\joblib),
         steps=[('numerical_imputer',
                 TransformerWrapper(exclude=None,
                                    include=['MinTemp', 'MaxTemp', 'Rainfall',
                                             'Evaporation', 'Sunshine',
                                             'WindGustSpeed', 'WindSpeed9am',
                                             'WindSpeed3pm', 'Humidity9am',
                                             'Humidity3pm', 'Pressure9am',
                                             'Pressure3pm', 'Cloud9am',
                                             'Cloud3pm', 'Temp9am', 'Temp3pm',
                                             'La...
                 TransformerWrapper(exclude=None, include=[],
                                    transformer=SimpleImputer(add_indicator=False,
                                                              copy=True,
                                                              fill_value=None,
                                                              keep_empty_features=False,
                                                              missing_values=nan,
                                                              strategy='most_frequent'))),
                ('balance',
                 TransformerWrapper(exclude=None, include=None,
                                    transformer=FixImbalancer(estimator=SMOTE(k_neighbors=5,
                                                                              n_jobs=None,
                                                                              random_state=123,
                                                                              sampling_strategy='auto'))))],
         verbose=False), verbose=True, use_case=MLUsecase.CLASSIFICATION, kwargs={})
2024-11-09 23:04:24,883:INFO:Adding model into prep_pipe
2024-11-09 23:04:24,893:INFO:best_model.pkl saved in current working directory
2024-11-09 23:04:24,901:INFO:Pipeline(memory=Memory(location=None),
         steps=[('numerical_imputer',
                 TransformerWrapper(exclude=None,
                                    include=['MinTemp', 'MaxTemp', 'Rainfall',
                                             'Evaporation', 'Sunshine',
                                             'WindGustSpeed', 'WindSpeed9am',
                                             'WindSpeed3pm', 'Humidity9am',
                                             'Humidity3pm', 'Pressure9am',
                                             'Pressure3pm', 'Cloud9am',
                                             'Cloud3pm', 'Temp9am', 'Temp3pm',
                                             'Latitude', 'Longitude',
                                             'WindGustDir_N', 'Win...
                 LGBMClassifier(boosting_type='gbdt', class_weight=None,
                                colsample_bytree=1.0, importance_type='split',
                                learning_rate=0.1, max_depth=-1,
                                min_child_samples=20, min_child_weight=0.001,
                                min_split_gain=0.0, n_estimators=100, n_jobs=-1,
                                num_leaves=31, objective=None, random_state=123,
                                reg_alpha=0.0, reg_lambda=0.0, subsample=1.0,
                                subsample_for_bin=200000, subsample_freq=0))],
         verbose=False)
2024-11-09 23:04:24,902:INFO:save_model() successfully completed......................................
2024-11-09 23:04:25,021:INFO:Initializing load_model()
2024-11-09 23:04:25,021:INFO:load_model(model_name=best_model, platform=None, authentication=None, verbose=True)
2024-11-09 23:04:25,026:INFO:Initializing predict_model()
2024-11-09 23:04:25,026:INFO:predict_model(self=<pycaret.classification.oop.ClassificationExperiment object at 0x00000258144B79A0>, estimator=Pipeline(memory=FastMemory(location=C:\Users\flaib\AppData\Local\Temp\joblib),
         steps=[('numerical_imputer',
                 TransformerWrapper(exclude=None,
                                    include=['MinTemp', 'MaxTemp', 'Rainfall',
                                             'Evaporation', 'Sunshine',
                                             'WindGustSpeed', 'WindSpeed9am',
                                             'WindSpeed3pm', 'Humidity9am',
                                             'Humidity3pm', 'Pressure9am',
                                             'Pressure3pm', 'Cloud9am',
                                             'Cloud3pm', 'Temp9am', 'Temp3pm',
                                             'La...
                 LGBMClassifier(boosting_type='gbdt', class_weight=None,
                                colsample_bytree=1.0, importance_type='split',
                                learning_rate=0.1, max_depth=-1,
                                min_child_samples=20, min_child_weight=0.001,
                                min_split_gain=0.0, n_estimators=100, n_jobs=-1,
                                num_leaves=31, objective=None, random_state=123,
                                reg_alpha=0.0, reg_lambda=0.0, subsample=1.0,
                                subsample_for_bin=200000, subsample_freq=0))],
         verbose=False), probability_threshold=None, encoded_labels=False, raw_score=False, round=4, verbose=True, ml_usecase=None, preprocess=True, encode_labels=<function _SupervisedExperiment.predict_model.<locals>.encode_labels at 0x00000258203B01F0>)
2024-11-09 23:04:25,026:INFO:Checking exceptions
2024-11-09 23:04:25,026:INFO:Preloading libraries
2024-11-09 23:04:25,039:INFO:Set up data.
2024-11-09 23:04:25,050:INFO:Set up index.
